2026-03-20T08:59:04.3107987Z,Updating submodules.,90b014da-ce3a-4bda-99ef-eb119d35da4a,0
2026-03-20T08:59:05.4271180Z,Preparing deployment for commit id '9f26f700-5'.,0b6293fe-8e7e-4dcf-8dc1-11d1efebf1db,0
2026-03-20T08:59:05.7864154Z,PreDeployment: context.CleanOutputPath False,64f05224-4743-410d-b778-929602aed3af,0
2026-03-20T08:59:05.9400997Z,PreDeployment: context.OutputPath /home/site/wwwroot,3d53e9c5-c546-4e84-a8ce-ce96d663a302,0
2026-03-20T08:59:06.1229346Z,Running build. Project type: OneDeploy,d75678d8-96cf-4311-b48f-17bf55fd71cf,0
2026-03-20T08:59:06.2519754Z,Copying the manifest,175cd892-fe5f-471a-b319-359b4a040e6b,0
2026-03-20T08:59:06.4990573Z,Running deployment command...,77e0221d-d364-4e12-a438-85c6e5733488,0
	2026-03-20T08:59:06.5387254Z,Command: /opt/Kudu/Scripts/parallel_rsync.sh /tmp/zipdeploy/extracted /home/site/wwwroot 8 /tmp/ False False  ,,0
	2026-03-20T08:59:06.6676127Z,Run rsync from: /tmp/zipdeploy/extracted/ to: /home/site/wwwroot/ in 8 parallel threads,,0
	2026-03-20T08:59:06.7263359Z,Delete options: clean=False&comma; use manifest=False&comma; directory to ignore=,,0
	2026-03-20T08:59:06.7839624Z,Prev manifest = /home/site/deployments/73cf8d88-2f15-4310-9125-6e679f9df522/manifest and next /home/site/deployments/9f26f700-54ec-4daf-b74e-ecf4ebbc5254/manifest,,0
	2026-03-20T08:59:06.8456951Z,Cleaning up /tmp//filelist.txt and /tmp//splits,,0
	2026-03-20T08:59:06.9039638Z,Creating a list of all files at /tmp//filelist.txt,,0
	2026-03-20T08:59:07.0139028Z,No directory to exclude.,,0
	2026-03-20T08:59:07.0940458Z,Created /tmp//filelist.txt. Total number of files to be synced = 92.,,0
	2026-03-20T08:59:07.1570212Z,Created batches from the list of files. Processing 12 files in each thread,,0
	2026-03-20T08:59:07.3461110Z,Running rsync for filelist /tmp//splits/split.ab from /tmp/zipdeploy/extracted/ to /home/site/wwwroot/,,0
	2026-03-20T08:59:07.4169669Z,Running rsync for filelist /tmp//splits/split.ad from /tmp/zipdeploy/extracted/ to /home/site/wwwroot/,,0
	2026-03-20T08:59:07.5169102Z,Running rsync for filelist /tmp//splits/split.aa from /tmp/zipdeploy/extracted/ to /home/site/wwwroot/,,0
	2026-03-20T08:59:07.6571277Z,Running rsync for filelist /tmp//splits/split.ae from /tmp/zipdeploy/extracted/ to /home/site/wwwroot/,,0
	2026-03-20T08:59:07.7014694Z,Running rsync for filelist /tmp//splits/split.ac from /tmp/zipdeploy/extracted/ to /home/site/wwwroot/,,0
	2026-03-20T08:59:07.7814416Z,Running rsync for filelist /tmp//splits/split.af from /tmp/zipdeploy/extracted/ to /home/site/wwwroot/,,0
	2026-03-20T08:59:07.7999175Z,Running rsync for filelist /tmp//splits/split.ag from /tmp/zipdeploy/extracted/ to /home/site/wwwroot/,,0
	2026-03-20T08:59:07.8281606Z,Running rsync for filelist /tmp//splits/split.ah from /tmp/zipdeploy/extracted/ to /home/site/wwwroot/,,0
	2026-03-20T08:59:07.8459606Z,,,0
	2026-03-20T08:59:07.8637186Z,Number of files: 23 (reg: 12&comma; dir: 11),,0
	2026-03-20T08:59:07.8749299Z,Number of created files: 0,,0
	2026-03-20T08:59:07.9334722Z,Number of deleted files: 0,,0
	2026-03-20T08:59:07.9618112Z,Number of regular files transferred: 0,,0
	2026-03-20T08:59:07.9896317Z,Total file size: 4.98M bytes,,0
	2026-03-20T08:59:08.0072291Z,Total transferred file size: 0 bytes,,0
	2026-03-20T08:59:08.0215920Z,Literal data: 0 bytes,,0
	2026-03-20T08:59:08.0389043Z,Matched data: 0 bytes,,0
	2026-03-20T08:59:08.0608478Z,File list size: 0,,0
	2026-03-20T08:59:08.0776723Z,File list generation time: 0.008 seconds,,0
	2026-03-20T08:59:08.0976131Z,File list transfer time: 0.000 seconds,,0
	2026-03-20T08:59:08.1173139Z,Total bytes sent: 964,,0
	2026-03-20T08:59:08.1410352Z,Total bytes received: 85,,0
	2026-03-20T08:59:08.1611292Z,,,0
	2026-03-20T08:59:08.1819871Z,sent 964 bytes  received 85 bytes  2.10K bytes/sec,,0
	2026-03-20T08:59:08.1993595Z,total size is 4.98M  speedup is 4&comma;747.78,,0
	2026-03-20T08:59:08.2173528Z,Attempt 1: Rsync for filelist /tmp//splits/split.ac completed with exit code 0,,0
	2026-03-20T08:59:08.2361435Z,,,0
	2026-03-20T08:59:08.2484056Z,Number of files: 13 (reg: 12&comma; dir: 1),,0
	2026-03-20T08:59:08.2658128Z,Number of created files: 0,,0
	2026-03-20T08:59:08.2785744Z,Number of deleted files: 0,,0
	2026-03-20T08:59:08.2898777Z,Number of regular files transferred: 0,,0
	2026-03-20T08:59:08.3345438Z,Total file size: 5.02M bytes,,0
	2026-03-20T08:59:08.3542909Z,Total transferred file size: 0 bytes,,0
	2026-03-20T08:59:08.3704610Z,Literal data: 0 bytes,,0
	2026-03-20T08:59:08.3837035Z,Matched data: 0 bytes,,0
	2026-03-20T08:59:08.4028303Z,File list size: 0,,0
	2026-03-20T08:59:08.4207678Z,File list generation time: 0.038 seconds,,0
	2026-03-20T08:59:08.4345169Z,File list transfer time: 0.000 seconds,,0
	2026-03-20T08:59:08.4550721Z,Total bytes sent: 625,,0
	2026-03-20T08:59:08.4716125Z,Total bytes received: 55,,0
	2026-03-20T08:59:08.4831031Z,,,0
	2026-03-20T08:59:08.5008288Z,sent 625 bytes  received 55 bytes  1.36K bytes/sec,,0
	2026-03-20T08:59:08.5198355Z,total size is 5.02M  speedup is 7&comma;386.75,,0
	2026-03-20T08:59:08.5490916Z,Attempt 1: Rsync for filelist /tmp//splits/split.aa completed with exit code 0,,0
	2026-03-20T08:59:08.5976794Z,,,0
	2026-03-20T08:59:08.6828967Z,Number of files: 14 (reg: 12&comma; dir: 2),,0
	2026-03-20T08:59:08.7442353Z,Number of created files: 0,,0
	2026-03-20T08:59:08.7923953Z,Number of deleted files: 0,,0
	2026-03-20T08:59:08.8040281Z,Number of regular files transferred: 0,,0
	2026-03-20T08:59:08.8224211Z,Total file size: 7.59M bytes,,0
	2026-03-20T08:59:08.8349575Z,Total transferred file size: 0 bytes,,0
	2026-03-20T08:59:08.8656959Z,Literal data: 0 bytes,,0
	2026-03-20T08:59:08.8982279Z,Matched data: 0 bytes,,0
	2026-03-20T08:59:08.9168915Z,File list size: 0,,0
	2026-03-20T08:59:08.9333119Z,File list generation time: 0.001 seconds,,0
	2026-03-20T08:59:08.9462250Z,File list transfer time: 0.000 seconds,,0
	2026-03-20T08:59:08.9644353Z,Total bytes sent: 676,,0
	2026-03-20T08:59:08.9755913Z,Total bytes received: 58,,0
	2026-03-20T08:59:08.9881626Z,,,0
	2026-03-20T08:59:08.9978131Z,sent 676 bytes  received 58 bytes  1.47K bytes/sec,,0
	2026-03-20T08:59:09.0086103Z,total size is 7.59M  speedup is 10&comma;338.01,,0
	2026-03-20T08:59:09.0301176Z,Attempt 1: Rsync for filelist /tmp//splits/split.af completed with exit code 0,,0
	2026-03-20T08:59:09.0546179Z,,,0
	2026-03-20T08:59:09.1188405Z,Number of files: 14 (reg: 12&comma; dir: 2),,0
	2026-03-20T08:59:09.1314306Z,Number of created files: 0,,0
	2026-03-20T08:59:09.1509001Z,Number of deleted files: 0,,0
	2026-03-20T08:59:09.1700222Z,Number of regular files transferred: 1,,0
	2026-03-20T08:59:09.1918990Z,Total file size: 2.98M bytes,,0
	2026-03-20T08:59:09.2161470Z,Total transferred file size: 42.84K bytes,,0
	2026-03-20T08:59:09.2339028Z,Literal data: 42.84K bytes,,0
	2026-03-20T08:59:09.2518520Z,Matched data: 0 bytes,,0
	2026-03-20T08:59:09.2785610Z,File list size: 0,,0
	2026-03-20T08:59:09.3121388Z,File list generation time: 0.002 seconds,,0
	2026-03-20T08:59:09.3327819Z,File list transfer time: 0.000 seconds,,0
	2026-03-20T08:59:09.3506054Z,Total bytes sent: 25.78K,,0
	2026-03-20T08:59:09.3625288Z,Total bytes received: 74,,0
	2026-03-20T08:59:09.3801095Z,,,0
	2026-03-20T08:59:09.3913241Z,sent 25.78K bytes  received 74 bytes  51.71K bytes/sec,,0
	2026-03-20T08:59:09.4045497Z,total size is 2.98M  speedup is 115.40,,0
	2026-03-20T08:59:09.4214264Z,Attempt 1: Rsync for filelist /tmp//splits/split.ae completed with exit code 0,,0
	2026-03-20T08:59:09.4410243Z,,,0
	2026-03-20T08:59:09.4584202Z,Number of files: 9 (reg: 8&comma; dir: 1),,0
	2026-03-20T08:59:09.4751993Z,Number of created files: 0,,0
	2026-03-20T08:59:09.4941030Z,Number of deleted files: 0,,0
	2026-03-20T08:59:09.5119461Z,Number of regular files transferred: 1,,0
	2026-03-20T08:59:09.5393446Z,Total file size: 4.04M bytes,,0
	2026-03-20T08:59:09.5543842Z,Total transferred file size: 162.30K bytes,,0
	2026-03-20T08:59:09.5729706Z,Literal data: 162.30K bytes,,0
	2026-03-20T08:59:09.5905888Z,Matched data: 0 bytes,,0
	2026-03-20T08:59:09.6021305Z,File list size: 0,,0
	2026-03-20T08:59:09.6212310Z,File list generation time: 0.007 seconds,,0
	2026-03-20T08:59:09.6389757Z,File list transfer time: 0.000 seconds,,0
	2026-03-20T08:59:09.6572343Z,Total bytes sent: 75.56K,,0
	2026-03-20T08:59:09.6759148Z,Total bytes received: 59,,0
	2026-03-20T08:59:09.6880630Z,,,0
	2026-03-20T08:59:09.7045861Z,sent 75.56K bytes  received 59 bytes  151.24K bytes/sec,,0
	2026-03-20T08:59:09.7194944Z,total size is 4.04M  speedup is 53.47,,0
	2026-03-20T08:59:09.7351454Z,Attempt 1: Rsync for filelist /tmp//splits/split.ah completed with exit code 0,,0
	2026-03-20T08:59:09.7542441Z,,,0
	2026-03-20T08:59:09.7733330Z,Number of files: 20 (reg: 12&comma; dir: 8),,0
	2026-03-20T08:59:09.7873485Z,Number of created files: 0,,0
	2026-03-20T08:59:09.8110409Z,Number of deleted files: 0,,0
	2026-03-20T08:59:09.8236565Z,Number of regular files transferred: 1,,0
	2026-03-20T08:59:09.8379453Z,Total file size: 4.12M bytes,,0
	2026-03-20T08:59:09.8569755Z,Total transferred file size: 561 bytes,,0
	2026-03-20T08:59:09.8693127Z,Literal data: 561 bytes,,0
	2026-03-20T08:59:09.8798047Z,Matched data: 0 bytes,,0
	2026-03-20T08:59:09.8979017Z,File list size: 0,,0
	2026-03-20T08:59:09.9098055Z,File list generation time: 0.018 seconds,,0
	2026-03-20T08:59:09.9202563Z,File list transfer time: 0.000 seconds,,0
	2026-03-20T08:59:09.9317824Z,Total bytes sent: 1.25K,,0
	2026-03-20T08:59:09.9461589Z,Total bytes received: 92,,0
	2026-03-20T08:59:09.9577317Z,,,0
	2026-03-20T08:59:09.9682071Z,sent 1.25K bytes  received 92 bytes  2.68K bytes/sec,,0
	2026-03-20T08:59:10.0017817Z,total size is 4.12M  speedup is 3&comma;076.53,,0
	2026-03-20T08:59:10.0475963Z,Attempt 1: Rsync for filelist /tmp//splits/split.ab completed with exit code 0,,0
	2026-03-20T08:59:10.0635219Z,,,0
	2026-03-20T08:59:10.0750778Z,Number of files: 12 (reg: 12),,0
	2026-03-20T08:59:10.1033500Z,Number of created files: 0,,0
	2026-03-20T08:59:10.1511194Z,Number of deleted files: 0,,0
	2026-03-20T08:59:10.1712270Z,Number of regular files transferred: 2,,0
	2026-03-20T08:59:10.1923366Z,Total file size: 2.17M bytes,,0
	2026-03-20T08:59:10.2240745Z,Total transferred file size: 123.96K bytes,,0
	2026-03-20T08:59:10.2466694Z,Literal data: 123.96K bytes,,0
	2026-03-20T08:59:10.2961131Z,Matched data: 0 bytes,,0
	2026-03-20T08:59:10.3255646Z,File list size: 0,,0
	2026-03-20T08:59:10.3654291Z,File list generation time: 0.010 seconds,,0
	2026-03-20T08:59:10.3905468Z,File list transfer time: 0.000 seconds,,0
	2026-03-20T08:59:10.4099103Z,Total bytes sent: 41.96K,,0
	2026-03-20T08:59:10.4217159Z,Total bytes received: 84,,0
	2026-03-20T08:59:10.4912848Z,,,0
	2026-03-20T08:59:10.5224511Z,sent 41.96K bytes  received 84 bytes  84.09K bytes/sec,,0
	2026-03-20T08:59:10.5486600Z,total size is 2.17M  speedup is 51.66,,0
	2026-03-20T08:59:10.5698301Z,Attempt 1: Rsync for filelist /tmp//splits/split.ag completed with exit code 0,,0
	2026-03-20T08:59:10.5814674Z,,,0
	2026-03-20T08:59:10.5932461Z,Number of files: 14 (reg: 12&comma; dir: 2),,0
	2026-03-20T08:59:10.6248269Z,Number of created files: 0,,0
	2026-03-20T08:59:10.6649062Z,Number of deleted files: 0,,0
	2026-03-20T08:59:10.6874444Z,Number of regular files transferred: 1,,0
	2026-03-20T08:59:10.7132552Z,Total file size: 1.89M bytes,,0
	2026-03-20T08:59:10.7358012Z,Total transferred file size: 560 bytes,,0
	2026-03-20T08:59:10.7709814Z,Literal data: 560 bytes,,0
	2026-03-20T08:59:10.7895827Z,Matched data: 0 bytes,,0
	2026-03-20T08:59:10.8162872Z,File list size: 0,,0
	2026-03-20T08:59:10.8341106Z,File list generation time: 0.099 seconds,,0
	2026-03-20T08:59:10.8463620Z,File list transfer time: 0.000 seconds,,0
	2026-03-20T08:59:10.8672008Z,Total bytes sent: 1.10K,,0
	2026-03-20T08:59:10.8970629Z,Total bytes received: 74,,0
	2026-03-20T08:59:10.9134021Z,,,0
	2026-03-20T08:59:10.9296127Z,sent 1.10K bytes  received 74 bytes  2.35K bytes/sec,,0
	2026-03-20T08:59:10.9469365Z,total size is 1.89M  speedup is 1&comma;602.91,,0
	2026-03-20T08:59:10.9668228Z,Attempt 1: Rsync for filelist /tmp//splits/split.ad completed with exit code 0,,0
	2026-03-20T08:59:10.9841818Z,Completed successfully in 1 seconds,,0
2026-03-20T08:59:11.1636514Z,Build completed succesfully.,2198922c-2db5-4eb6-9764-1b3ea1af6529,0
2026-03-20T08:59:11.4080537Z,Running post deployment command(s)...,6bb7df4e-0015-47d4-a981-388bf69e7808,0
2026-03-20T08:59:11.5913748Z,Triggering container recycle for OneDeploy by adding/updating restartTrigger.txt to the site root path,0a051a9a-6518-407a-b616-e1cea399c45a,0
2026-03-20T08:59:11.8162200Z,Deployment successful. deployer = OneDeploy deploymentPath = OneDeploy,e62ca589-24a3-47b2-a102-2af2c78d70d7,0
