2026-03-23T03:05:08.3756596Z,Updating submodules.,ef4ba333-2b31-4690-b98a-3a129572f6aa,0
2026-03-23T03:05:09.6738524Z,Preparing deployment for commit id '2f3cc20b-4'.,86f8174d-e28c-4da2-b893-869fc20fd2ea,0
2026-03-23T03:05:10.1739956Z,PreDeployment: context.CleanOutputPath False,ea381c6e-d253-4c55-9925-0f9ea9291a74,0
2026-03-23T03:05:10.6769413Z,PreDeployment: context.OutputPath /home/site/wwwroot,3e37748a-ea85-4732-a848-bc40ac46619b,0
2026-03-23T03:05:10.8601361Z,Running build. Project type: OneDeploy,272f25e6-f825-4f92-8f98-0506825c731e,0
2026-03-23T03:05:11.0330058Z,Copying the manifest,7736f4c6-05b1-4521-9323-d5e970c6dd85,0
2026-03-23T03:05:11.2818351Z,Running deployment command...,56377e00-f21d-4354-a8aa-66c445595ec5,0
	2026-03-23T03:05:11.3118945Z,Command: /opt/Kudu/Scripts/parallel_rsync.sh /tmp/zipdeploy/extracted /home/site/wwwroot 8 /tmp/ False False  ,,0
	2026-03-23T03:05:11.7608479Z,Run rsync from: /tmp/zipdeploy/extracted/ to: /home/site/wwwroot/ in 8 parallel threads,,0
	2026-03-23T03:05:11.9165177Z,Delete options: clean=False&comma; use manifest=False&comma; directory to ignore=,,0
	2026-03-23T03:05:11.9955295Z,Prev manifest = /home/site/deployments/ca3a7d12-a32c-49f9-991d-97f0cd36d241/manifest and next /home/site/deployments/2f3cc20b-4960-49a5-b042-5bf3c09322d2/manifest,,0
	2026-03-23T03:05:12.2227056Z,Cleaning up /tmp//filelist.txt and /tmp//splits,,0
	2026-03-23T03:05:12.4698421Z,Creating a list of all files at /tmp//filelist.txt,,0
	2026-03-23T03:05:12.6399963Z,No directory to exclude.,,0
	2026-03-23T03:05:12.8462812Z,Created /tmp//filelist.txt. Total number of files to be synced = 86.,,0
	2026-03-23T03:05:13.5297902Z,Created batches from the list of files. Processing 11 files in each thread,,0
	2026-03-23T03:05:13.6945462Z,Running rsync for filelist /tmp//splits/split.aa from /tmp/zipdeploy/extracted/ to /home/site/wwwroot/,,0
	2026-03-23T03:05:13.8876403Z,Running rsync for filelist /tmp//splits/split.ab from /tmp/zipdeploy/extracted/ to /home/site/wwwroot/,,0
	2026-03-23T03:05:14.0974951Z,Running rsync for filelist /tmp//splits/split.ad from /tmp/zipdeploy/extracted/ to /home/site/wwwroot/,,0
	2026-03-23T03:05:14.2313838Z,Running rsync for filelist /tmp//splits/split.af from /tmp/zipdeploy/extracted/ to /home/site/wwwroot/,,0
	2026-03-23T03:05:14.3053260Z,Running rsync for filelist /tmp//splits/split.ac from /tmp/zipdeploy/extracted/ to /home/site/wwwroot/,,0
	2026-03-23T03:05:14.3542312Z,Running rsync for filelist /tmp//splits/split.ag from /tmp/zipdeploy/extracted/ to /home/site/wwwroot/,,0
	2026-03-23T03:05:14.5421337Z,Running rsync for filelist /tmp//splits/split.ae from /tmp/zipdeploy/extracted/ to /home/site/wwwroot/,,0
	2026-03-23T03:05:14.6370957Z,Running rsync for filelist /tmp//splits/split.ah from /tmp/zipdeploy/extracted/ to /home/site/wwwroot/,,0
	2026-03-23T03:05:14.6643010Z,,,0
	2026-03-23T03:05:14.7273907Z,Number of files: 14 (reg: 11&comma; dir: 3),,0
	2026-03-23T03:05:14.7873531Z,Number of created files: 0,,0
	2026-03-23T03:05:14.8003150Z,Number of deleted files: 0,,0
	2026-03-23T03:05:14.8344615Z,Number of regular files transferred: 0,,0
	2026-03-23T03:05:14.8472561Z,Total file size: 7.31M bytes,,0
	2026-03-23T03:05:14.8637828Z,Total transferred file size: 0 bytes,,0
	2026-03-23T03:05:14.8782492Z,Literal data: 0 bytes,,0
	2026-03-23T03:05:14.8937790Z,Matched data: 0 bytes,,0
	2026-03-23T03:05:14.9056408Z,File list size: 0,,0
	2026-03-23T03:05:14.9386898Z,File list generation time: 0.205 seconds,,0
	2026-03-23T03:05:14.9568591Z,File list transfer time: 0.000 seconds,,0
	2026-03-23T03:05:14.9680039Z,Total bytes sent: 683,,0
	2026-03-23T03:05:14.9794465Z,Total bytes received: 58,,0
	2026-03-23T03:05:14.9915731Z,,,0
	2026-03-23T03:05:15.0022442Z,sent 683 bytes  received 58 bytes  494.00 bytes/sec,,0
	2026-03-23T03:05:15.0291526Z,total size is 7.31M  speedup is 9&comma;868.23,,0
	2026-03-23T03:05:15.0407504Z,,,0
	2026-03-23T03:05:15.0569912Z,Number of files: 13 (reg: 11&comma; dir: 2),,0
	2026-03-23T03:05:15.0695638Z,Number of created files: 0,,0
	2026-03-23T03:05:15.0814496Z,Number of deleted files: 0,,0
	2026-03-23T03:05:15.0925620Z,Number of regular files transferred: 0,,0
	2026-03-23T03:05:15.1038218Z,Total file size: 3.37M bytes,,0
	2026-03-23T03:05:15.1331299Z,Total transferred file size: 0 bytes,,0
	2026-03-23T03:05:15.1466744Z,Literal data: 0 bytes,,0
	2026-03-23T03:05:15.1591518Z,Matched data: 0 bytes,,0
	2026-03-23T03:05:15.1767537Z,File list size: 0,,0
	2026-03-23T03:05:15.1890266Z,File list generation time: 0.157 seconds,,0
	2026-03-23T03:05:15.2028023Z,File list transfer time: 0.000 seconds,,0
	2026-03-23T03:05:15.2453411Z,Total bytes sent: 676,,0
	2026-03-23T03:05:15.2705986Z,Total bytes received: 55,,0
	2026-03-23T03:05:15.2937283Z,,,0
	2026-03-23T03:05:15.3068797Z,sent 676 bytes  received 55 bytes  487.33 bytes/sec,,0
	2026-03-23T03:05:15.3381041Z,total size is 3.37M  speedup is 4&comma;607.79,,0
	2026-03-23T03:05:15.3616599Z,Attempt 1: Rsync for filelist /tmp//splits/split.ac completed with exit code 0,,0
	2026-03-23T03:05:15.3815828Z,,,0
	2026-03-23T03:05:15.4263632Z,Number of files: 11 (reg: 11),,0
	2026-03-23T03:05:15.4456983Z,Number of created files: 0,,0
	2026-03-23T03:05:15.4707403Z,Number of deleted files: 0,,0
	2026-03-23T03:05:15.4916130Z,Number of regular files transferred: 0,,0
	2026-03-23T03:05:15.5102434Z,Total file size: 5.82M bytes,,0
	2026-03-23T03:05:15.5481063Z,Total transferred file size: 0 bytes,,0
	2026-03-23T03:05:15.5632733Z,Literal data: 0 bytes,,0
	2026-03-23T03:05:15.5777230Z,Matched data: 0 bytes,,0
	2026-03-23T03:05:15.5944525Z,File list size: 0,,0
	2026-03-23T03:05:15.6362666Z,File list generation time: 0.295 seconds,,0
	2026-03-23T03:05:15.6840139Z,File list transfer time: 0.000 seconds,,0
	2026-03-23T03:05:15.7310416Z,Total bytes sent: 567,,0
	2026-03-23T03:05:15.7576294Z,Total bytes received: 49,,0
	2026-03-23T03:05:15.7771633Z,,,0
	2026-03-23T03:05:15.7918932Z,sent 567 bytes  received 49 bytes  410.67 bytes/sec,,0
	2026-03-23T03:05:15.8083252Z,total size is 5.82M  speedup is 9&comma;453.32,,0
	2026-03-23T03:05:15.8344197Z,Attempt 1: Rsync for filelist /tmp//splits/split.ab completed with exit code 0,,0
	2026-03-23T03:05:15.8470210Z,,,0
	2026-03-23T03:05:15.8629521Z,Number of files: 14 (reg: 11&comma; dir: 3),,0
	2026-03-23T03:05:15.8754872Z,Number of created files: 0,,0
	2026-03-23T03:05:15.8874127Z,Number of deleted files: 0,,0
	2026-03-23T03:05:15.8999449Z,Attempt 1: Rsync for filelist /tmp//splits/split.aa completed with exit code 0,,0
	2026-03-23T03:05:15.9318031Z,Number of regular files transferred: 0,,0
	2026-03-23T03:05:15.9451582Z,Total file size: 2.70M bytes,,0
	2026-03-23T03:05:15.9629462Z,Total transferred file size: 0 bytes,,0
	2026-03-23T03:05:15.9745689Z,Literal data: 0 bytes,,0
	2026-03-23T03:05:15.9864560Z,Matched data: 0 bytes,,0
	2026-03-23T03:05:15.9988943Z,File list size: 0,,0
	2026-03-23T03:05:16.0252187Z,File list generation time: 0.057 seconds,,0
	2026-03-23T03:05:16.0390603Z,File list transfer time: 0.000 seconds,,0
	2026-03-23T03:05:16.0522211Z,Total bytes sent: 665,,0
	2026-03-23T03:05:16.0656581Z,Total bytes received: 58,,0
	2026-03-23T03:05:16.0812488Z,,,0
	2026-03-23T03:05:16.0932776Z,sent 665 bytes  received 58 bytes  1.45K bytes/sec,,0
	2026-03-23T03:05:16.2028938Z,total size is 2.70M  speedup is 3&comma;739.09,,0
	2026-03-23T03:05:16.2642189Z,Attempt 1: Rsync for filelist /tmp//splits/split.af completed with exit code 0,,0
	2026-03-23T03:05:16.2935618Z,,,0
	2026-03-23T03:05:16.3345923Z,Number of files: 10 (reg: 9&comma; dir: 1),,0
	2026-03-23T03:05:16.3596517Z,Number of created files: 0,,0
	2026-03-23T03:05:16.3752337Z,Number of deleted files: 0,,0
	2026-03-23T03:05:16.4235021Z,Number of regular files transferred: 0,,0
	2026-03-23T03:05:16.4506540Z,Total file size: 1.65M bytes,,0
	2026-03-23T03:05:16.4667480Z,Total transferred file size: 0 bytes,,0
	2026-03-23T03:05:16.4815975Z,Literal data: 0 bytes,,0
	2026-03-23T03:05:16.5038343Z,Matched data: 0 bytes,,0
	2026-03-23T03:05:16.5340390Z,File list size: 0,,0
	2026-03-23T03:05:16.5662184Z,File list generation time: 0.065 seconds,,0
	2026-03-23T03:05:16.6656440Z,File list transfer time: 0.000 seconds,,0
	2026-03-23T03:05:16.7552894Z,Total bytes sent: 473,,0
	2026-03-23T03:05:16.8380607Z,Total bytes received: 46,,0
	2026-03-23T03:05:16.9707977Z,,,0
	2026-03-23T03:05:17.0580728Z,sent 473 bytes  received 46 bytes  346.00 bytes/sec,,0
	2026-03-23T03:05:17.2186378Z,total size is 1.65M  speedup is 3&comma;180.83,,0
	2026-03-23T03:05:17.2618644Z,,,0
	2026-03-23T03:05:17.2783733Z,Number of files: 13 (reg: 11&comma; dir: 2),,0
	2026-03-23T03:05:17.2941470Z,Number of created files: 0,,0
	2026-03-23T03:05:17.3139149Z,Number of deleted files: 0,,0
	2026-03-23T03:05:17.3425519Z,Number of regular files transferred: 0,,0
	2026-03-23T03:05:17.3553099Z,Total file size: 3.34M bytes,,0
	2026-03-23T03:05:17.3712225Z,Total transferred file size: 0 bytes,,0
	2026-03-23T03:05:17.4001964Z,Literal data: 0 bytes,,0
	2026-03-23T03:05:17.4329306Z,Matched data: 0 bytes,,0
	2026-03-23T03:05:17.4651750Z,File list size: 0,,0
	2026-03-23T03:05:17.4982250Z,File list generation time: 0.283 seconds,,0
	2026-03-23T03:05:17.5339306Z,File list transfer time: 0.000 seconds,,0
	2026-03-23T03:05:17.5470208Z,Total bytes sent: 637,,0
	2026-03-23T03:05:17.5608756Z,Total bytes received: 55,,0
	2026-03-23T03:05:17.5737037Z,,,0
	2026-03-23T03:05:17.5863953Z,sent 637 bytes  received 55 bytes  276.80 bytes/sec,,0
	2026-03-23T03:05:17.5989034Z,total size is 3.34M  speedup is 4&comma;830.18,,0
	2026-03-23T03:05:17.6260745Z,Attempt 1: Rsync for filelist /tmp//splits/split.ah completed with exit code 0,,0
	2026-03-23T03:05:17.6474050Z,Attempt 1: Rsync for filelist /tmp//splits/split.ad completed with exit code 0,,0
	2026-03-23T03:05:17.6600518Z,,,0
	2026-03-23T03:05:17.6768086Z,Number of files: 12 (reg: 11&comma; dir: 1),,0
	2026-03-23T03:05:17.6889914Z,Number of created files: 0,,0
	2026-03-23T03:05:17.7009546Z,Number of deleted files: 0,,0
	2026-03-23T03:05:17.7367084Z,Number of regular files transferred: 1,,0
	2026-03-23T03:05:17.7523073Z,Total file size: 2.62M bytes,,0
	2026-03-23T03:05:17.7660894Z,Total transferred file size: 78.26K bytes,,0
	2026-03-23T03:05:17.7787788Z,Literal data: 78.26K bytes,,0
	2026-03-23T03:05:17.7918510Z,Matched data: 0 bytes,,0
	2026-03-23T03:05:17.8101764Z,File list size: 0,,0
	2026-03-23T03:05:17.8360089Z,File list generation time: 0.138 seconds,,0
	2026-03-23T03:05:17.8498425Z,File list transfer time: 0.000 seconds,,0
	2026-03-23T03:05:17.8663199Z,Total bytes sent: 35.72K,,0
	2026-03-23T03:05:17.8821762Z,Total bytes received: 68,,0
	2026-03-23T03:05:17.8943555Z,,,0
	2026-03-23T03:05:17.9057210Z,sent 35.72K bytes  received 68 bytes  14.31K bytes/sec,,0
	2026-03-23T03:05:17.9317590Z,total size is 2.62M  speedup is 73.15,,0
	2026-03-23T03:05:17.9456301Z,Attempt 1: Rsync for filelist /tmp//splits/split.ag completed with exit code 0,,0
	2026-03-23T03:05:17.9570019Z,,,0
	2026-03-23T03:05:17.9672244Z,Number of files: 12 (reg: 11&comma; dir: 1),,0
	2026-03-23T03:05:17.9790096Z,Number of created files: 0,,0
	2026-03-23T03:05:17.9903555Z,Number of deleted files: 0,,0
	2026-03-23T03:05:18.0020812Z,Number of regular files transferred: 2,,0
	2026-03-23T03:05:18.0316184Z,Total file size: 1.10M bytes,,0
	2026-03-23T03:05:18.0432397Z,Total transferred file size: 136.60K bytes,,0
	2026-03-23T03:05:18.0583405Z,Literal data: 136.60K bytes,,0
	2026-03-23T03:05:18.0725002Z,Matched data: 0 bytes,,0
	2026-03-23T03:05:18.0849865Z,File list size: 0,,0
	2026-03-23T03:05:18.0975439Z,File list generation time: 0.345 seconds,,0
	2026-03-23T03:05:18.1182243Z,File list transfer time: 0.000 seconds,,0
	2026-03-23T03:05:18.1472860Z,Total bytes sent: 66.10K,,0
	2026-03-23T03:05:18.1756356Z,Total bytes received: 84,,0
	2026-03-23T03:05:18.2158736Z,,,0
	2026-03-23T03:05:18.2847183Z,sent 66.10K bytes  received 84 bytes  44.12K bytes/sec,,0
	2026-03-23T03:05:18.3642828Z,total size is 1.10M  speedup is 16.60,,0
	2026-03-23T03:05:18.4256398Z,Attempt 1: Rsync for filelist /tmp//splits/split.ae completed with exit code 0,,0
	2026-03-23T03:05:18.4532116Z,Completed successfully in 3 seconds,,0
2026-03-23T03:05:18.7227611Z,Build completed succesfully.,d94420e9-2b6e-4de3-b134-807af0d0b17f,0
2026-03-23T03:05:18.8689196Z,Running post deployment command(s)...,0b904b56-c5e2-42d6-8648-2b35f681dc5d,0
2026-03-23T03:05:19.0703115Z,Triggering container recycle for OneDeploy by adding/updating restartTrigger.txt to the site root path,021c0a9f-dea1-4e9f-af40-0c2dea9600dc,0
2026-03-23T03:05:19.3583135Z,Deployment successful. deployer = OneDeploy deploymentPath = OneDeploy,11d414a2-2ed5-4a24-b6d3-40773af676a0,0
