2026-03-20T03:36:51.7076638Z,Updating submodules.,9d47cdc3-dee1-4a6b-a28e-091cb141a47d,0
2026-03-20T03:36:52.8882212Z,Preparing deployment for commit id '839a93dc-7'.,d5bb8dbb-84bc-4010-94ac-d7af2079afed,0
2026-03-20T03:36:53.3145375Z,PreDeployment: context.CleanOutputPath False,47f46dca-cac8-4ca9-9447-cb9abf26da4c,0
2026-03-20T03:36:53.6196131Z,PreDeployment: context.OutputPath /home/site/wwwroot,3cace23a-bdb4-4b97-8398-d2351b0a486d,0
2026-03-20T03:36:53.7882966Z,Running build. Project type: OneDeploy,81a3641e-cb3a-473c-8746-b5e2412fd47b,0
2026-03-20T03:36:54.0191609Z,Copying the manifest,f2a9491e-7ea7-4280-85d0-4df5c5e3342a,0
2026-03-20T03:36:54.2362599Z,Running deployment command...,1da8440d-c847-45da-a4d6-82036f344024,0
	2026-03-20T03:36:54.2567886Z,Command: /opt/Kudu/Scripts/parallel_rsync.sh /tmp/zipdeploy/extracted /home/site/wwwroot 8 /tmp/ False False  ,,0
	2026-03-20T03:36:54.5029258Z,Run rsync from: /tmp/zipdeploy/extracted/ to: /home/site/wwwroot/ in 8 parallel threads,,0
	2026-03-20T03:36:54.6503316Z,Delete options: clean=False&comma; use manifest=False&comma; directory to ignore=,,0
	2026-03-20T03:36:54.6991129Z,Prev manifest = /home/site/deployments/aeccb4b0-5304-4658-b289-487f5d8fe289/manifest and next /home/site/deployments/839a93dc-7b4a-4aca-8965-55ab1ffbda98/manifest,,0
	2026-03-20T03:36:54.8664543Z,Cleaning up /tmp//filelist.txt and /tmp//splits,,0
	2026-03-20T03:36:55.1057419Z,Creating a list of all files at /tmp//filelist.txt,,0
	2026-03-20T03:36:55.3016060Z,No directory to exclude.,,0
	2026-03-20T03:36:55.6220110Z,Created /tmp//filelist.txt. Total number of files to be synced = 104.,,0
	2026-03-20T03:36:55.7864135Z,Created batches from the list of files. Processing 14 files in each thread,,0
	2026-03-20T03:36:55.9136678Z,Running rsync for filelist /tmp//splits/split.ab from /tmp/zipdeploy/extracted/ to /home/site/wwwroot/,,0
	2026-03-20T03:36:55.9745607Z,Running rsync for filelist /tmp//splits/split.ac from /tmp/zipdeploy/extracted/ to /home/site/wwwroot/,,0
	2026-03-20T03:36:55.9940661Z,Running rsync for filelist /tmp//splits/split.ad from /tmp/zipdeploy/extracted/ to /home/site/wwwroot/,,0
	2026-03-20T03:36:56.0225747Z,Running rsync for filelist /tmp//splits/split.ae from /tmp/zipdeploy/extracted/ to /home/site/wwwroot/,,0
	2026-03-20T03:36:56.0393666Z,Running rsync for filelist /tmp//splits/split.aa from /tmp/zipdeploy/extracted/ to /home/site/wwwroot/,,0
	2026-03-20T03:36:56.0609217Z,Running rsync for filelist /tmp//splits/split.ah from /tmp/zipdeploy/extracted/ to /home/site/wwwroot/,,0
	2026-03-20T03:36:56.0809449Z,Running rsync for filelist /tmp//splits/split.ag from /tmp/zipdeploy/extracted/ to /home/site/wwwroot/,,0
	2026-03-20T03:36:56.1007402Z,,,0
	2026-03-20T03:36:56.1151911Z,Number of files: 6 (reg: 6),,0
	2026-03-20T03:36:56.1349220Z,Number of created files: 0,,0
	2026-03-20T03:36:56.1549387Z,Number of deleted files: 0,,0
	2026-03-20T03:36:56.1671855Z,Number of regular files transferred: 0,,0
	2026-03-20T03:36:56.1832169Z,Total file size: 3.49M bytes,,0
	2026-03-20T03:36:56.1956996Z,Total transferred file size: 0 bytes,,0
	2026-03-20T03:36:56.2073649Z,Literal data: 0 bytes,,0
	2026-03-20T03:36:56.2354459Z,Matched data: 0 bytes,,0
	2026-03-20T03:36:56.2732897Z,File list size: 0,,0
	2026-03-20T03:36:56.2872173Z,File list generation time: 0.007 seconds,,0
	2026-03-20T03:36:56.3078141Z,File list transfer time: 0.000 seconds,,0
	2026-03-20T03:36:56.3347368Z,Total bytes sent: 373,,0
	2026-03-20T03:36:56.3731821Z,Total bytes received: 34,,0
	2026-03-20T03:36:56.4393783Z,,,0
	2026-03-20T03:36:56.4546966Z,sent 373 bytes  received 34 bytes  814.00 bytes/sec,,0
	2026-03-20T03:36:56.4835250Z,total size is 3.49M  speedup is 8&comma;568.55,,0
	2026-03-20T03:36:56.5440246Z,Attempt 1: Rsync for filelist /tmp//splits/split.ah completed with exit code 0,,0
	2026-03-20T03:36:56.6232430Z,Running rsync for filelist /tmp//splits/split.af from /tmp/zipdeploy/extracted/ to /home/site/wwwroot/,,0
	2026-03-20T03:36:56.6832312Z,,,0
	2026-03-20T03:36:56.7327975Z,Number of files: 19 (reg: 14&comma; dir: 5),,0
	2026-03-20T03:36:56.7628149Z,Number of created files: 0,,0
	2026-03-20T03:36:56.8112842Z,Number of deleted files: 0,,0
	2026-03-20T03:36:56.8613360Z,Number of regular files transferred: 0,,0
	2026-03-20T03:36:56.8812261Z,Total file size: 2.60M bytes,,0
	2026-03-20T03:36:56.8933115Z,Total transferred file size: 0 bytes,,0
	2026-03-20T03:36:56.9109611Z,Literal data: 0 bytes,,0
	2026-03-20T03:36:56.9222998Z,Matched data: 0 bytes,,0
	2026-03-20T03:36:56.9387246Z,File list size: 0,,0
	2026-03-20T03:36:56.9547213Z,File list generation time: 0.001 seconds,,0
	2026-03-20T03:36:56.9692942Z,File list transfer time: 0.000 seconds,,0
	2026-03-20T03:36:56.9830787Z,Total bytes sent: 851,,0
	2026-03-20T03:36:56.9942820Z,Total bytes received: 73,,0
	2026-03-20T03:36:57.0145734Z,,,0
	2026-03-20T03:36:57.0271290Z,sent 851 bytes  received 73 bytes  1.85K bytes/sec,,0
	2026-03-20T03:36:57.0558834Z,total size is 2.60M  speedup is 2&comma;815.64,,0
	2026-03-20T03:36:57.0934746Z,Attempt 1: Rsync for filelist /tmp//splits/split.ab completed with exit code 0,,0
	2026-03-20T03:36:57.1138710Z,,,0
	2026-03-20T03:36:57.1242982Z,Number of files: 16 (reg: 14&comma; dir: 2),,0
	2026-03-20T03:36:57.1413930Z,Number of created files: 0,,0
	2026-03-20T03:36:57.1541975Z,Number of deleted files: 0,,0
	2026-03-20T03:36:57.1845198Z,Number of regular files transferred: 0,,0
	2026-03-20T03:36:57.2047352Z,Total file size: 2.77M bytes,,0
	2026-03-20T03:36:57.2169078Z,Total transferred file size: 0 bytes,,0
	2026-03-20T03:36:57.2421491Z,Literal data: 0 bytes,,0
	2026-03-20T03:36:57.2567589Z,Matched data: 0 bytes,,0
	2026-03-20T03:36:57.2734146Z,File list size: 0,,0
	2026-03-20T03:36:57.2905060Z,File list generation time: 0.011 seconds,,0
	2026-03-20T03:36:57.3476577Z,File list transfer time: 0.000 seconds,,0
	2026-03-20T03:36:57.3968983Z,Total bytes sent: 863,,0
	2026-03-20T03:36:57.4208269Z,Total bytes received: 64,,0
	2026-03-20T03:36:57.4379648Z,,,0
	2026-03-20T03:36:57.4479569Z,sent 863 bytes  received 64 bytes  1.85K bytes/sec,,0
	2026-03-20T03:36:57.4590800Z,total size is 2.77M  speedup is 2&comma;985.80,,0
	2026-03-20T03:36:57.4859187Z,Attempt 1: Rsync for filelist /tmp//splits/split.ad completed with exit code 0,,0
	2026-03-20T03:36:57.4978384Z,,,0
	2026-03-20T03:36:57.5161377Z,Number of files: 17 (reg: 14&comma; dir: 3),,0
	2026-03-20T03:36:57.5364574Z,Number of created files: 0,,0
	2026-03-20T03:36:57.5550267Z,Number of deleted files: 0,,0
	2026-03-20T03:36:57.5670591Z,Number of regular files transferred: 0,,0
	2026-03-20T03:36:57.5785105Z,Total file size: 2.56M bytes,,0
	2026-03-20T03:36:57.5990778Z,Total transferred file size: 0 bytes,,0
	2026-03-20T03:36:57.6181010Z,Literal data: 0 bytes,,0
	2026-03-20T03:36:57.6360470Z,Matched data: 0 bytes,,0
	2026-03-20T03:36:57.6483244Z,File list size: 0,,0
	2026-03-20T03:36:57.6655977Z,File list generation time: 0.030 seconds,,0
	2026-03-20T03:36:57.6794637Z,File list transfer time: 0.000 seconds,,0
	2026-03-20T03:36:57.6964530Z,Total bytes sent: 756,,0
	2026-03-20T03:36:57.7094532Z,Total bytes received: 67,,0
	2026-03-20T03:36:57.7268951Z,,,0
	2026-03-20T03:36:57.7365613Z,sent 756 bytes  received 67 bytes  1.65K bytes/sec,,0
	2026-03-20T03:36:57.7490979Z,total size is 2.56M  speedup is 3&comma;113.52,,0
	2026-03-20T03:36:57.7592127Z,Attempt 1: Rsync for filelist /tmp//splits/split.ae completed with exit code 0,,0
	2026-03-20T03:36:57.7784136Z,,,0
	2026-03-20T03:36:57.7919315Z,Number of files: 28 (reg: 14&comma; dir: 14),,0
	2026-03-20T03:36:57.8070373Z,Number of created files: 0,,0
	2026-03-20T03:36:57.8178337Z,Number of deleted files: 0,,0
	2026-03-20T03:36:57.8444455Z,Number of regular files transferred: 0,,0
	2026-03-20T03:36:57.8583537Z,Total file size: 7.06M bytes,,0
	2026-03-20T03:36:57.8764244Z,Total transferred file size: 0 bytes,,0
	2026-03-20T03:36:57.8932194Z,Literal data: 0 bytes,,0
	2026-03-20T03:36:57.9059713Z,Matched data: 0 bytes,,0
	2026-03-20T03:36:57.9231966Z,File list size: 0,,0
	2026-03-20T03:36:57.9368711Z,File list generation time: 0.018 seconds,,0
	2026-03-20T03:36:57.9522846Z,File list transfer time: 0.000 seconds,,0
	2026-03-20T03:36:57.9754332Z,Total bytes sent: 1.13K,,0
	2026-03-20T03:36:58.0134270Z,Total bytes received: 100,,0
	2026-03-20T03:36:58.0336028Z,,,0
	2026-03-20T03:36:58.0462001Z,sent 1.13K bytes  received 100 bytes  2.45K bytes/sec,,0
	2026-03-20T03:36:58.0623439Z,total size is 7.06M  speedup is 5&comma;755.27,,0
	2026-03-20T03:36:58.0762713Z,Attempt 1: Rsync for filelist /tmp//splits/split.ac completed with exit code 0,,0
	2026-03-20T03:36:58.1022141Z,,,0
	2026-03-20T03:36:58.1124422Z,Number of files: 15 (reg: 14&comma; dir: 1),,0
	2026-03-20T03:36:58.1268332Z,Number of created files: 0,,0
	2026-03-20T03:36:58.1431103Z,Number of deleted files: 0,,0
	2026-03-20T03:36:58.1602825Z,Number of regular files transferred: 0,,0
	2026-03-20T03:36:58.1718325Z,Total file size: 4.65M bytes,,0
	2026-03-20T03:36:58.1885544Z,Total transferred file size: 0 bytes,,0
	2026-03-20T03:36:58.2015318Z,Literal data: 0 bytes,,0
	2026-03-20T03:36:58.2132312Z,Matched data: 0 bytes,,0
	2026-03-20T03:36:58.2262169Z,File list size: 0,,0
	2026-03-20T03:36:58.2392045Z,File list generation time: 0.163 seconds,,0
	2026-03-20T03:36:58.2588301Z,File list transfer time: 0.000 seconds,,0
	2026-03-20T03:36:58.2733286Z,Total bytes sent: 729,,0
	2026-03-20T03:36:58.2889730Z,Total bytes received: 61,,0
	2026-03-20T03:36:58.3210340Z,,,0
	2026-03-20T03:36:58.3341513Z,sent 729 bytes  received 61 bytes  1.58K bytes/sec,,0
	2026-03-20T03:36:58.3510433Z,total size is 4.65M  speedup is 5&comma;885.25,,0
	2026-03-20T03:36:58.3670783Z,Attempt 1: Rsync for filelist /tmp//splits/split.aa completed with exit code 0,,0
	2026-03-20T03:36:58.3871648Z,,,0
	2026-03-20T03:36:58.4355530Z,Number of files: 15 (reg: 14&comma; dir: 1),,0
	2026-03-20T03:36:58.4682166Z,Number of created files: 0,,0
	2026-03-20T03:36:58.5479876Z,Number of deleted files: 0,,0
	2026-03-20T03:36:58.5981615Z,Number of regular files transferred: 0,,0
	2026-03-20T03:36:58.6602871Z,Total file size: 3.01M bytes,,0
	2026-03-20T03:36:58.6801401Z,Total transferred file size: 0 bytes,,0
	2026-03-20T03:36:58.6971041Z,Literal data: 0 bytes,,0
	2026-03-20T03:36:58.7107773Z,Matched data: 0 bytes,,0
	2026-03-20T03:36:58.7286808Z,File list size: 0,,0
	2026-03-20T03:36:58.7463354Z,File list generation time: 0.123 seconds,,0
	2026-03-20T03:36:58.7586371Z,File list transfer time: 0.000 seconds,,0
	2026-03-20T03:36:58.7771557Z,Total bytes sent: 748,,0
	2026-03-20T03:36:58.7881998Z,Total bytes received: 61,,0
	2026-03-20T03:36:58.8010828Z,,,0
	2026-03-20T03:36:58.8129549Z,sent 748 bytes  received 61 bytes  1.62K bytes/sec,,0
	2026-03-20T03:36:58.8333426Z,total size is 3.01M  speedup is 3&comma;716.77,,0
	2026-03-20T03:36:58.8525169Z,Attempt 1: Rsync for filelist /tmp//splits/split.ag completed with exit code 0,,0
	2026-03-20T03:36:58.9110200Z,,,0
	2026-03-20T03:36:58.9670869Z,Number of files: 15 (reg: 14&comma; dir: 1),,0
	2026-03-20T03:36:58.9866538Z,Number of created files: 0,,0
	2026-03-20T03:36:59.0102747Z,Number of deleted files: 0,,0
	2026-03-20T03:36:59.0214870Z,Number of regular files transferred: 0,,0
	2026-03-20T03:36:59.0583399Z,Total file size: 7.68M bytes,,0
	2026-03-20T03:36:59.0821612Z,Total transferred file size: 0 bytes,,0
	2026-03-20T03:36:59.0942743Z,Literal data: 0 bytes,,0
	2026-03-20T03:36:59.1058654Z,Matched data: 0 bytes,,0
	2026-03-20T03:36:59.1232753Z,File list size: 0,,0
	2026-03-20T03:36:59.1359532Z,File list generation time: 0.030 seconds,,0
	2026-03-20T03:36:59.1474719Z,File list transfer time: 0.000 seconds,,0
	2026-03-20T03:36:59.1652439Z,Total bytes sent: 654,,0
	2026-03-20T03:36:59.1783246Z,Total bytes received: 61,,0
	2026-03-20T03:36:59.1983366Z,,,0
	2026-03-20T03:36:59.2158003Z,sent 654 bytes  received 61 bytes  1.43K bytes/sec,,0
	2026-03-20T03:36:59.2360577Z,total size is 7.68M  speedup is 10&comma;743.51,,0
	2026-03-20T03:36:59.2485383Z,Attempt 1: Rsync for filelist /tmp//splits/split.af completed with exit code 0,,0
	2026-03-20T03:36:59.2675688Z,Completed successfully in 1 seconds,,0
2026-03-20T03:36:59.4629406Z,Build completed succesfully.,9d3de663-3ec2-4a23-8825-0e220d5663ed,0
2026-03-20T03:36:59.6044971Z,Running post deployment command(s)...,67f2b15b-3966-4c52-b363-266466c3780e,0
2026-03-20T03:36:59.7472130Z,Triggering container recycle for OneDeploy by adding/updating restartTrigger.txt to the site root path,93107c0c-ad37-4368-bbec-dfa5b2603bc3,0
2026-03-20T03:36:59.9548011Z,Deployment successful. deployer = OneDeploy deploymentPath = OneDeploy,7ca682d0-4d00-4254-a598-93dbb276c318,0
