2026-03-23T02:37:43.6034645Z,Updating submodules.,36c893e7-2208-4a62-af56-df45937612ac,0
2026-03-23T02:37:46.8113491Z,Preparing deployment for commit id 'ca3a7d12-a'.,f68b5145-3dc0-4a61-9f83-94f276a25c5c,0
2026-03-23T02:37:54.5667568Z,PreDeployment: context.CleanOutputPath False,0646487f-d2f4-444f-b8ce-d278f780d185,0
2026-03-23T02:37:55.5706906Z,PreDeployment: context.OutputPath /home/site/wwwroot,492feedc-e02c-4500-82d6-0d361cb159b1,0
2026-03-23T02:37:56.2814771Z,Running build. Project type: OneDeploy,a2cf6936-6855-42ef-931a-ab4ae78dcddd,0
2026-03-23T02:37:57.1454946Z,Copying the manifest,a2c07782-5ae1-4020-ae96-4c468b4e149b,0
2026-03-23T02:37:59.1028452Z,Running deployment command...,60809661-0f53-4c1c-bd55-fb94bc1c843d,0
	2026-03-23T02:37:59.3300927Z,Command: /opt/Kudu/Scripts/parallel_rsync.sh /tmp/zipdeploy/extracted /home/site/wwwroot 8 /tmp/ False False  ,,0
	2026-03-23T02:38:02.4000288Z,Run rsync from: /tmp/zipdeploy/extracted/ to: /home/site/wwwroot/ in 8 parallel threads,,0
	2026-03-23T02:38:03.0402941Z,Delete options: clean=False&comma; use manifest=False&comma; directory to ignore=,,0
	2026-03-23T02:38:03.1909612Z,Prev manifest = /home/site/deployments/9590358a-59af-4cea-beaf-b052e6385323/manifest and next /home/site/deployments/ca3a7d12-a32c-49f9-991d-97f0cd36d241/manifest,,0
	2026-03-23T02:38:04.8265363Z,Cleaning up /tmp//filelist.txt and /tmp//splits,,0
	2026-03-23T02:38:05.3401359Z,Creating a list of all files at /tmp//filelist.txt,,0
	2026-03-23T02:38:05.7290694Z,No directory to exclude.,,0
	2026-03-23T02:38:06.0285803Z,Created /tmp//filelist.txt. Total number of files to be synced = 86.,,0
	2026-03-23T02:38:06.6299191Z,Created batches from the list of files. Processing 11 files in each thread,,0
	2026-03-23T02:38:07.6906738Z,Running rsync for filelist /tmp//splits/split.aa from /tmp/zipdeploy/extracted/ to /home/site/wwwroot/,,0
	2026-03-23T02:38:09.7436686Z,Running rsync for filelist /tmp//splits/split.ab from /tmp/zipdeploy/extracted/ to /home/site/wwwroot/,,0
	2026-03-23T02:38:12.0044701Z,Running rsync for filelist /tmp//splits/split.ad from /tmp/zipdeploy/extracted/ to /home/site/wwwroot/,,0
	2026-03-23T02:38:13.6994241Z,Running rsync for filelist /tmp//splits/split.ac from /tmp/zipdeploy/extracted/ to /home/site/wwwroot/,,0
	2026-03-23T02:38:15.1836300Z,Running rsync for filelist /tmp//splits/split.ae from /tmp/zipdeploy/extracted/ to /home/site/wwwroot/,,0
	2026-03-23T02:38:26.5764575Z,Running rsync for filelist /tmp//splits/split.ag from /tmp/zipdeploy/extracted/ to /home/site/wwwroot/,,0
	2026-03-23T02:38:27.5272071Z,Running rsync for filelist /tmp//splits/split.ah from /tmp/zipdeploy/extracted/ to /home/site/wwwroot/,,0
	2026-03-23T02:38:28.5780021Z,Running rsync for filelist /tmp//splits/split.af from /tmp/zipdeploy/extracted/ to /home/site/wwwroot/,,0
	2026-03-23T02:38:29.8297635Z,,,0
	2026-03-23T02:38:30.6276658Z,Number of files: 11 (reg: 11),,0
	2026-03-23T02:38:33.0353111Z,Number of created files: 0,,0
	2026-03-23T02:38:34.8629320Z,Number of deleted files: 0,,0
	2026-03-23T02:38:35.3369195Z,Number of regular files transferred: 1,,0
	2026-03-23T02:38:36.7191921Z,Total file size: 5.82M bytes,,0
	2026-03-23T02:38:37.2982110Z,Total transferred file size: 14.80K bytes,,0
	2026-03-23T02:38:37.7173144Z,Literal data: 14.80K bytes,,0
	2026-03-23T02:38:38.3550227Z,Matched data: 0 bytes,,0
	2026-03-23T02:38:39.7524784Z,File list size: 0,,0
	2026-03-23T02:38:40.8690164Z,File list generation time: 0.975 seconds,,0
	2026-03-23T02:38:41.5228240Z,File list transfer time: 0.000 seconds,,0
	2026-03-23T02:38:42.1912726Z,Total bytes sent: 9.56K,,0
	2026-03-23T02:38:42.6137662Z,Total bytes received: 65,,0
	2026-03-23T02:38:42.8172971Z,,,0
	2026-03-23T02:38:43.6791643Z,sent 9.56K bytes  received 65 bytes  664.14 bytes/sec,,0
	2026-03-23T02:38:44.1113357Z,total size is 5.82M  speedup is 604.70,,0
	2026-03-23T02:38:44.3043275Z,Attempt 1: Rsync for filelist /tmp//splits/split.ab completed with exit code 0,,0
	2026-03-23T02:38:44.5642438Z,,,0
	2026-03-23T02:38:44.7516217Z,Number of files: 13 (reg: 11&comma; dir: 2),,0
	2026-03-23T02:38:45.3934931Z,Number of created files: 0,,0
	2026-03-23T02:38:45.9720701Z,Number of deleted files: 0,,0
	2026-03-23T02:38:46.5673657Z,Number of regular files transferred: 0,,0
	2026-03-23T02:38:46.9678787Z,Total file size: 3.34M bytes,,0
	2026-03-23T02:38:47.5735521Z,Total transferred file size: 0 bytes,,0
	2026-03-23T02:38:47.7921521Z,Literal data: 0 bytes,,0
	2026-03-23T02:38:48.3980662Z,Matched data: 0 bytes,,0
	2026-03-23T02:38:48.6866455Z,File list size: 0,,0
	2026-03-23T02:38:48.9186041Z,File list generation time: 5.247 seconds,,0
	2026-03-23T02:38:49.7714106Z,File list transfer time: 0.000 seconds,,0
	2026-03-23T02:38:50.7026255Z,Total bytes sent: 636,,0
	2026-03-23T02:38:51.1862808Z,Total bytes received: 55,,0
	2026-03-23T02:38:51.7553987Z,,,0
	2026-03-23T02:38:51.9951503Z,sent 636 bytes  received 55 bytes  47.66 bytes/sec,,0
	2026-03-23T02:38:52.6051484Z,total size is 3.34M  speedup is 4&comma;837.18,,0
	2026-03-23T02:38:52.9608568Z,,,0
	2026-03-23T02:38:53.4809224Z,Number of files: 13 (reg: 11&comma; dir: 2),,0
	2026-03-23T02:38:53.7044272Z,Number of created files: 0,,0
	2026-03-23T02:38:53.8713812Z,Number of deleted files: 0,,0
	2026-03-23T02:38:54.0310870Z,Number of regular files transferred: 1,,0
	2026-03-23T02:38:54.1712428Z,Total file size: 3.37M bytes,,0
	2026-03-23T02:38:54.4020995Z,Total transferred file size: 40.96K bytes,,0
	2026-03-23T02:38:54.7492616Z,Literal data: 40.96K bytes,,0
	2026-03-23T02:38:54.9240121Z,Matched data: 0 bytes,,0
	2026-03-23T02:38:55.0775007Z,File list size: 0,,0
	2026-03-23T02:38:55.1747142Z,File list generation time: 3.500 seconds,,0
	2026-03-23T02:38:55.6076188Z,File list transfer time: 0.000 seconds,,0
	2026-03-23T02:38:55.8346560Z,Total bytes sent: 11.38K,,0
	2026-03-23T02:38:56.0170617Z,Total bytes received: 71,,0
	2026-03-23T02:38:56.0744647Z,,,0
	2026-03-23T02:38:56.1948915Z,sent 11.38K bytes  received 71 bytes  738.84 bytes/sec,,0
	2026-03-23T02:38:56.3257129Z,total size is 3.37M  speedup is 294.12,,0
	2026-03-23T02:38:56.3837078Z,Attempt 1: Rsync for filelist /tmp//splits/split.ad completed with exit code 0,,0
	2026-03-23T02:38:56.4756256Z,,,0
	2026-03-23T02:38:56.5349341Z,Number of files: 12 (reg: 11&comma; dir: 1),,0
	2026-03-23T02:38:56.5937142Z,Number of created files: 0,,0
	2026-03-23T02:38:56.6592661Z,Number of deleted files: 0,,0
	2026-03-23T02:38:56.7389924Z,Number of regular files transferred: 1,,0
	2026-03-23T02:38:56.7883967Z,Total file size: 2.62M bytes,,0
	2026-03-23T02:38:56.8381649Z,Total transferred file size: 78.26K bytes,,0
	2026-03-23T02:38:56.9721239Z,Literal data: 78.26K bytes,,0
	2026-03-23T02:38:57.0911229Z,Matched data: 0 bytes,,0
	2026-03-23T02:38:57.3093268Z,File list size: 0,,0
	2026-03-23T02:38:57.4354516Z,File list generation time: 2.200 seconds,,0
	2026-03-23T02:38:57.5893896Z,File list transfer time: 0.000 seconds,,0
	2026-03-23T02:38:57.7043532Z,Total bytes sent: 35.72K,,0
	2026-03-23T02:38:57.7535100Z,Total bytes received: 68,,0
	2026-03-23T02:38:57.7911897Z,,,0
	2026-03-23T02:38:57.8203872Z,sent 35.72K bytes  received 68 bytes  2.31K bytes/sec,,0
	2026-03-23T02:38:57.8868774Z,total size is 2.62M  speedup is 73.15,,0
	2026-03-23T02:38:58.2299918Z,Attempt 1: Rsync for filelist /tmp//splits/split.ac completed with exit code 0,,0
	2026-03-23T02:38:58.4355803Z,,,0
	2026-03-23T02:38:58.4970008Z,Number of files: 14 (reg: 11&comma; dir: 3),,0
	2026-03-23T02:38:58.6537578Z,Number of created files: 0,,0
	2026-03-23T02:38:58.7679245Z,Number of deleted files: 0,,0
	2026-03-23T02:38:58.8307594Z,Number of regular files transferred: 1,,0
	2026-03-23T02:38:58.8908024Z,Total file size: 7.31M bytes,,0
	2026-03-23T02:38:58.9800186Z,Total transferred file size: 23.14K bytes,,0
	2026-03-23T02:38:59.0504587Z,Literal data: 23.14K bytes,,0
	2026-03-23T02:38:59.1294704Z,Matched data: 0 bytes,,0
	2026-03-23T02:38:59.3155705Z,File list size: 0,,0
	2026-03-23T02:38:59.3765386Z,File list generation time: 1.521 seconds,,0
	2026-03-23T02:38:59.4965278Z,File list transfer time: 0.000 seconds,,0
	2026-03-23T02:38:59.5474181Z,Total bytes sent: 12.88K,,0
	2026-03-23T02:38:59.7163737Z,Total bytes received: 74,,0
	2026-03-23T02:38:59.7863814Z,,,0
	2026-03-23T02:38:59.8531571Z,sent 12.88K bytes  received 74 bytes  835.48 bytes/sec,,0
	2026-03-23T02:38:59.9039960Z,total size is 7.31M  speedup is 564.66,,0
	2026-03-23T02:38:59.9444856Z,Attempt 1: Rsync for filelist /tmp//splits/split.aa completed with exit code 0,,0
	2026-03-23T02:39:00.0427395Z,Attempt 1: Rsync for filelist /tmp//splits/split.ag completed with exit code 0,,0
	2026-03-23T02:39:00.1222007Z,,,0
	2026-03-23T02:39:00.2987022Z,Number of files: 12 (reg: 11&comma; dir: 1),,0
	2026-03-23T02:39:00.5912011Z,Number of created files: 0,,0
	2026-03-23T02:39:00.7187433Z,Number of deleted files: 0,,0
	2026-03-23T02:39:00.9340120Z,Number of regular files transferred: 2,,0
	2026-03-23T02:39:01.1020220Z,Total file size: 1.10M bytes,,0
	2026-03-23T02:39:01.2866713Z,Total transferred file size: 136.57K bytes,,0
	2026-03-23T02:39:01.4948536Z,Literal data: 136.57K bytes,,0
	2026-03-23T02:39:01.6412707Z,Matched data: 0 bytes,,0
	2026-03-23T02:39:02.0314689Z,File list size: 0,,0
	2026-03-23T02:39:02.2588910Z,File list generation time: 1.808 seconds,,0
	2026-03-23T02:39:02.4910281Z,File list transfer time: 0.000 seconds,,0
	2026-03-23T02:39:02.7276998Z,Total bytes sent: 66.06K,,0
	2026-03-23T02:39:02.8636152Z,Total bytes received: 84,,0
	2026-03-23T02:39:02.9505540Z,,,0
	2026-03-23T02:39:02.9933324Z,sent 66.06K bytes  received 84 bytes  3.08K bytes/sec,,0
	2026-03-23T02:39:03.0487399Z,total size is 1.10M  speedup is 16.61,,0
	2026-03-23T02:39:03.2496467Z,,,0
	2026-03-23T02:39:03.3880843Z,Number of files: 10 (reg: 9&comma; dir: 1),,0
	2026-03-23T02:39:03.5318960Z,Number of created files: 0,,0
	2026-03-23T02:39:03.8183875Z,Number of deleted files: 0,,0
	2026-03-23T02:39:03.8877299Z,Number of regular files transferred: 2,,0
	2026-03-23T02:39:03.9946026Z,Total file size: 1.65M bytes,,0
	2026-03-23T02:39:04.0537744Z,Total transferred file size: 83.38K bytes,,0
	2026-03-23T02:39:04.2555414Z,Literal data: 83.38K bytes,,0
	2026-03-23T02:39:04.3768502Z,Matched data: 0 bytes,,0
	2026-03-23T02:39:04.4530142Z,File list size: 0,,0
	2026-03-23T02:39:04.5015278Z,File list generation time: 5.910 seconds,,0
	2026-03-23T02:39:04.5708836Z,File list transfer time: 0.000 seconds,,0
	2026-03-23T02:39:04.6565658Z,Total bytes sent: 32.52K,,0
	2026-03-23T02:39:04.7808057Z,Total bytes received: 78,,0
	2026-03-23T02:39:04.8801086Z,,,0
	2026-03-23T02:39:04.9388375Z,sent 32.52K bytes  received 78 bytes  1.67K bytes/sec,,0
	2026-03-23T02:39:04.9832536Z,total size is 1.65M  speedup is 50.64,,0
	2026-03-23T02:39:05.0306981Z,Attempt 1: Rsync for filelist /tmp//splits/split.ah completed with exit code 0,,0
	2026-03-23T02:39:05.1072422Z,Attempt 1: Rsync for filelist /tmp//splits/split.ae completed with exit code 0,,0
	2026-03-23T02:39:05.2095662Z,,,0
	2026-03-23T02:39:05.4067744Z,Number of files: 14 (reg: 11&comma; dir: 3),,0
	2026-03-23T02:39:05.5855586Z,Number of created files: 0,,0
	2026-03-23T02:39:05.6173193Z,Number of deleted files: 0,,0
	2026-03-23T02:39:05.6872435Z,Number of regular files transferred: 1,,0
	2026-03-23T02:39:05.7461920Z,Total file size: 2.70M bytes,,0
	2026-03-23T02:39:05.7789539Z,Total transferred file size: 90.62K bytes,,0
	2026-03-23T02:39:05.8243537Z,Literal data: 90.62K bytes,,0
	2026-03-23T02:39:05.8985348Z,Matched data: 0 bytes,,0
	2026-03-23T02:39:05.9474018Z,File list size: 0,,0
	2026-03-23T02:39:06.0163533Z,File list generation time: 1.969 seconds,,0
	2026-03-23T02:39:06.0942172Z,File list transfer time: 0.000 seconds,,0
	2026-03-23T02:39:06.2288019Z,Total bytes sent: 28.36K,,0
	2026-03-23T02:39:06.2848366Z,Total bytes received: 74,,0
	2026-03-23T02:39:06.3425776Z,,,0
	2026-03-23T02:39:06.3737634Z,sent 28.36K bytes  received 74 bytes  1.83K bytes/sec,,0
	2026-03-23T02:39:06.4859483Z,total size is 2.70M  speedup is 95.08,,0
	2026-03-23T02:39:06.5948928Z,Attempt 1: Rsync for filelist /tmp//splits/split.af completed with exit code 0,,0
	2026-03-23T02:39:06.6706585Z,Completed successfully in 34 seconds,,0
2026-03-23T02:39:07.0487039Z,Build completed succesfully.,4896676a-a73e-449e-b483-5a9556618bea,0
2026-03-23T02:39:07.6164201Z,Running post deployment command(s)...,1ad96ede-b836-4425-95a1-1cbbaad98c59,0
2026-03-23T02:39:07.8902298Z,Triggering container recycle for OneDeploy by adding/updating restartTrigger.txt to the site root path,a6041c19-248f-44f9-aceb-e7f0379ecd45,0
2026-03-23T02:39:08.8945942Z,Deployment successful. deployer = OneDeploy deploymentPath = OneDeploy,05ca2bef-5098-4118-9f4f-b31feb4bb5d1,0
