2026-03-23T02:20:56.7034824Z,Updating submodules.,8fea6fe3-eea3-40b7-9b0d-29ede57c0952,0
2026-03-23T02:20:58.3340653Z,Preparing deployment for commit id '9590358a-5'.,a132f656-c12f-425c-b99a-ad5861b1eec8,0
2026-03-23T02:20:59.2215179Z,PreDeployment: context.CleanOutputPath False,b719e94a-8c8d-4478-a8b0-59da8ca98c81,0
2026-03-23T02:20:59.6039333Z,PreDeployment: context.OutputPath /home/site/wwwroot,10623fbb-95b6-448f-8962-827ed4b614f9,0
2026-03-23T02:20:59.8189388Z,Running build. Project type: OneDeploy,86d5f06a-b99f-4e66-b842-1b8d9f51c933,0
2026-03-23T02:20:59.9761241Z,Copying the manifest,86e45262-892d-440c-bc0c-860c463e12a6,0
2026-03-23T02:21:00.2354303Z,Running deployment command...,52023d23-60cf-42cc-9341-40622603d8a3,0
	2026-03-23T02:21:00.2588393Z,Command: /opt/Kudu/Scripts/parallel_rsync.sh /tmp/zipdeploy/extracted /home/site/wwwroot 8 /tmp/ False False  ,,0
	2026-03-23T02:21:00.7592255Z,Run rsync from: /tmp/zipdeploy/extracted/ to: /home/site/wwwroot/ in 8 parallel threads,,0
	2026-03-23T02:21:01.0855422Z,Delete options: clean=False&comma; use manifest=False&comma; directory to ignore=,,0
	2026-03-23T02:21:01.1582066Z,Prev manifest = /opt/Kudu/Scripts/firstDeploymentManifest and next /home/site/deployments/9590358a-59af-4cea-beaf-b052e6385323/manifest,,0
	2026-03-23T02:21:01.3232865Z,Cleaning up /tmp//filelist.txt and /tmp//splits,,0
	2026-03-23T02:21:01.4751367Z,Creating a list of all files at /tmp//filelist.txt,,0
	2026-03-23T02:21:02.0116147Z,No directory to exclude.,,0
	2026-03-23T02:21:02.2507506Z,Created /tmp//filelist.txt. Total number of files to be synced = 86.,,0
	2026-03-23T02:21:02.5968933Z,Created batches from the list of files. Processing 11 files in each thread,,0
	2026-03-23T02:21:03.0763487Z,Running rsync for filelist /tmp//splits/split.aa from /tmp/zipdeploy/extracted/ to /home/site/wwwroot/,,0
	2026-03-23T02:21:03.2170646Z,Running rsync for filelist /tmp//splits/split.ab from /tmp/zipdeploy/extracted/ to /home/site/wwwroot/,,0
	2026-03-23T02:21:03.3927611Z,Running rsync for filelist /tmp//splits/split.ac from /tmp/zipdeploy/extracted/ to /home/site/wwwroot/,,0
	2026-03-23T02:21:04.0000985Z,Running rsync for filelist /tmp//splits/split.af from /tmp/zipdeploy/extracted/ to /home/site/wwwroot/,,0
	2026-03-23T02:21:04.1397152Z,Running rsync for filelist /tmp//splits/split.ag from /tmp/zipdeploy/extracted/ to /home/site/wwwroot/,,0
	2026-03-23T02:21:04.2484128Z,Running rsync for filelist /tmp//splits/split.ad from /tmp/zipdeploy/extracted/ to /home/site/wwwroot/,,0
	2026-03-23T02:21:04.7246143Z,Running rsync for filelist /tmp//splits/split.ae from /tmp/zipdeploy/extracted/ to /home/site/wwwroot/,,0
	2026-03-23T02:21:04.8136591Z,Running rsync for filelist /tmp//splits/split.ah from /tmp/zipdeploy/extracted/ to /home/site/wwwroot/,,0
	2026-03-23T02:21:08.3697018Z,,,0
	2026-03-23T02:21:08.6371180Z,Number of files: 12 (reg: 11&comma; dir: 1),,0
	2026-03-23T02:21:09.0947892Z,Number of created files: 12 (reg: 11&comma; dir: 1),,0
	2026-03-23T02:21:09.5346311Z,Number of deleted files: 0,,0
	2026-03-23T02:21:09.7647751Z,Number of regular files transferred: 11,,0
	2026-03-23T02:21:09.8255691Z,Total file size: 1.10M bytes,,0
	2026-03-23T02:21:09.9935547Z,Total transferred file size: 1.10M bytes,,0
	2026-03-23T02:21:10.4932776Z,Literal data: 1.10M bytes,,0
	2026-03-23T02:21:10.6829507Z,Matched data: 0 bytes,,0
	2026-03-23T02:21:10.9128019Z,File list size: 0,,0
	2026-03-23T02:21:11.0029467Z,File list generation time: 0.151 seconds,,0
	2026-03-23T02:21:11.1210229Z,File list transfer time: 0.000 seconds,,0
	2026-03-23T02:21:11.2368007Z,Total bytes sent: 441.52K,,0
	2026-03-23T02:21:11.3362596Z,Total bytes received: 228,,0
	2026-03-23T02:21:11.4438184Z,,,0
	2026-03-23T02:21:11.5124110Z,sent 441.52K bytes  received 228 bytes  80.32K bytes/sec,,0
	2026-03-23T02:21:11.6128300Z,total size is 1.10M  speedup is 2.49,,0
	2026-03-23T02:21:11.7911928Z,Attempt 1: Rsync for filelist /tmp//splits/split.ae completed with exit code 0,,0
	2026-03-23T02:21:11.9803283Z,,,0
	2026-03-23T02:21:12.0911858Z,Number of files: 10 (reg: 9&comma; dir: 1),,0
	2026-03-23T02:21:12.2306562Z,Number of created files: 10 (reg: 9&comma; dir: 1),,0
	2026-03-23T02:21:12.3137276Z,Number of deleted files: 0,,0
	2026-03-23T02:21:12.5231007Z,Number of regular files transferred: 9,,0
	2026-03-23T02:21:12.7011622Z,Total file size: 1.65M bytes,,0
	2026-03-23T02:21:12.8590181Z,Total transferred file size: 1.65M bytes,,0
	2026-03-23T02:21:13.0030775Z,Literal data: 1.65M bytes,,0
	2026-03-23T02:21:13.1122231Z,Matched data: 0 bytes,,0
	2026-03-23T02:21:13.2202831Z,File list size: 0,,0
	2026-03-23T02:21:13.3112792Z,File list generation time: 0.138 seconds,,0
	2026-03-23T02:21:13.4559623Z,File list transfer time: 0.000 seconds,,0
	2026-03-23T02:21:13.5446318Z,Total bytes sent: 578.22K,,0
	2026-03-23T02:21:13.7054826Z,Total bytes received: 190,,0
	2026-03-23T02:21:13.7927046Z,,,0
	2026-03-23T02:21:13.8240336Z,sent 578.22K bytes  received 190 bytes  128.53K bytes/sec,,0
	2026-03-23T02:21:13.8842893Z,total size is 1.65M  speedup is 2.85,,0
	2026-03-23T02:21:13.9282949Z,Attempt 1: Rsync for filelist /tmp//splits/split.ah completed with exit code 0,,0
	2026-03-23T02:21:13.9404266Z,,,0
	2026-03-23T02:21:13.9504191Z,Number of files: 12 (reg: 11&comma; dir: 1),,0
	2026-03-23T02:21:13.9620701Z,Number of created files: 12 (reg: 11&comma; dir: 1),,0
	2026-03-23T02:21:13.9783398Z,Number of deleted files: 0,,0
	2026-03-23T02:21:14.0238640Z,Number of regular files transferred: 11,,0
	2026-03-23T02:21:14.0440046Z,Total file size: 2.62M bytes,,0
	2026-03-23T02:21:14.0555950Z,Total transferred file size: 2.62M bytes,,0
	2026-03-23T02:21:14.0669942Z,Literal data: 2.62M bytes,,0
	2026-03-23T02:21:14.0821998Z,Matched data: 0 bytes,,0
	2026-03-23T02:21:14.0937092Z,File list size: 0,,0
	2026-03-23T02:21:14.1078074Z,File list generation time: 0.051 seconds,,0
	2026-03-23T02:21:14.1511121Z,File list transfer time: 0.000 seconds,,0
	2026-03-23T02:21:14.1673509Z,Total bytes sent: 1.35M,,0
	2026-03-23T02:21:14.1800728Z,Total bytes received: 228,,0
	2026-03-23T02:21:14.1912917Z,,,0
	2026-03-23T02:21:14.2026961Z,sent 1.35M bytes  received 228 bytes  246.21K bytes/sec,,0
	2026-03-23T02:21:14.2280741Z,total size is 2.62M  speedup is 1.93,,0
	2026-03-23T02:21:14.2390688Z,Attempt 1: Rsync for filelist /tmp//splits/split.ag completed with exit code 0,,0
	2026-03-23T02:21:14.2491909Z,,,0
	2026-03-23T02:21:14.2600835Z,Number of files: 14 (reg: 11&comma; dir: 3),,0
	2026-03-23T02:21:14.2706058Z,Number of created files: 14 (reg: 11&comma; dir: 3),,0
	2026-03-23T02:21:14.2811304Z,Number of deleted files: 0,,0
	2026-03-23T02:21:14.2993397Z,Number of regular files transferred: 11,,0
	2026-03-23T02:21:14.3558060Z,Total file size: 2.70M bytes,,0
	2026-03-23T02:21:14.3752890Z,Total transferred file size: 2.70M bytes,,0
	2026-03-23T02:21:14.4361807Z,Literal data: 2.70M bytes,,0
	2026-03-23T02:21:14.4509699Z,Matched data: 0 bytes,,0
	2026-03-23T02:21:14.4640874Z,File list size: 0,,0
	2026-03-23T02:21:14.4776529Z,File list generation time: 0.496 seconds,,0
	2026-03-23T02:21:14.4976056Z,File list transfer time: 0.000 seconds,,0
	2026-03-23T02:21:14.5273426Z,Total bytes sent: 805.47K,,0
	2026-03-23T02:21:14.5469324Z,Total bytes received: 234,,0
	2026-03-23T02:21:14.5661872Z,,,0
	2026-03-23T02:21:14.5783114Z,sent 805.47K bytes  received 234 bytes  107.43K bytes/sec,,0
	2026-03-23T02:21:14.5910646Z,total size is 2.70M  speedup is 3.36,,0
	2026-03-23T02:21:14.6114230Z,Attempt 1: Rsync for filelist /tmp//splits/split.af completed with exit code 0,,0
	2026-03-23T02:21:14.6715315Z,,,0
	2026-03-23T02:21:14.6998642Z,Number of files: 13 (reg: 11&comma; dir: 2),,0
	2026-03-23T02:21:14.7314231Z,Number of created files: 13 (reg: 11&comma; dir: 2),,0
	2026-03-23T02:21:14.7435582Z,Number of deleted files: 0,,0
	2026-03-23T02:21:14.7570747Z,Number of regular files transferred: 11,,0
	2026-03-23T02:21:14.7684069Z,Total file size: 3.34M bytes,,0
	2026-03-23T02:21:14.7840214Z,Total transferred file size: 3.34M bytes,,0
	2026-03-23T02:21:14.7984470Z,Literal data: 3.34M bytes,,0
	2026-03-23T02:21:14.8274628Z,Matched data: 0 bytes,,0
	2026-03-23T02:21:14.8434451Z,File list size: 0,,0
	2026-03-23T02:21:14.8567047Z,File list generation time: 0.089 seconds,,0
	2026-03-23T02:21:14.8700246Z,File list transfer time: 0.000 seconds,,0
	2026-03-23T02:21:14.8878404Z,Total bytes sent: 1.14M,,0
	2026-03-23T02:21:14.9006056Z,Total bytes received: 231,,0
	2026-03-23T02:21:14.9368692Z,,,0
	2026-03-23T02:21:14.9478011Z,sent 1.14M bytes  received 231 bytes  134.64K bytes/sec,,0
	2026-03-23T02:21:14.9609770Z,total size is 3.34M  speedup is 2.92,,0
	2026-03-23T02:21:14.9777968Z,Attempt 1: Rsync for filelist /tmp//splits/split.ad completed with exit code 0,,0
	2026-03-23T02:21:14.9913945Z,,,0
	2026-03-23T02:21:15.0180365Z,Number of files: 13 (reg: 11&comma; dir: 2),,0
	2026-03-23T02:21:15.0458462Z,Number of created files: 13 (reg: 11&comma; dir: 2),,0
	2026-03-23T02:21:15.0570838Z,Number of deleted files: 0,,0
	2026-03-23T02:21:15.0716218Z,Number of regular files transferred: 11,,0
	2026-03-23T02:21:15.0864388Z,Total file size: 3.37M bytes,,0
	2026-03-23T02:21:15.0993907Z,Total transferred file size: 3.37M bytes,,0
	2026-03-23T02:21:15.1194350Z,Literal data: 3.37M bytes,,0
	2026-03-23T02:21:15.1387533Z,Matched data: 0 bytes,,0
	2026-03-23T02:21:15.1511922Z,File list size: 0,,0
	2026-03-23T02:21:15.1637045Z,File list generation time: 0.533 seconds,,0
	2026-03-23T02:21:15.1764768Z,File list transfer time: 0.000 seconds,,0
	2026-03-23T02:21:15.2791438Z,Total bytes sent: 1.07M,,0
	2026-03-23T02:21:15.3563035Z,Total bytes received: 231,,0
	2026-03-23T02:21:15.4277203Z,,,0
	2026-03-23T02:21:15.4412399Z,sent 1.07M bytes  received 231 bytes  113.02K bytes/sec,,0
	2026-03-23T02:21:15.4533426Z,total size is 3.37M  speedup is 3.14,,0
	2026-03-23T02:21:15.4660244Z,Attempt 1: Rsync for filelist /tmp//splits/split.ac completed with exit code 0,,0
	2026-03-23T02:21:15.4775595Z,,,0
	2026-03-23T02:21:15.4882640Z,Number of files: 14 (reg: 11&comma; dir: 3),,0
	2026-03-23T02:21:15.4997289Z,Number of created files: 14 (reg: 11&comma; dir: 3),,0
	2026-03-23T02:21:15.5386270Z,Number of deleted files: 0,,0
	2026-03-23T02:21:15.5508616Z,Number of regular files transferred: 11,,0
	2026-03-23T02:21:15.5620104Z,Total file size: 7.31M bytes,,0
	2026-03-23T02:21:15.5735783Z,Total transferred file size: 7.31M bytes,,0
	2026-03-23T02:21:15.5838935Z,Literal data: 7.31M bytes,,0
	2026-03-23T02:21:15.5944331Z,Matched data: 0 bytes,,0
	2026-03-23T02:21:15.6079005Z,File list size: 0,,0
	2026-03-23T02:21:15.6332991Z,File list generation time: 0.229 seconds,,0
	2026-03-23T02:21:15.6445662Z,File list transfer time: 0.000 seconds,,0
	2026-03-23T02:21:15.6551550Z,Total bytes sent: 1.86M,,0
	2026-03-23T02:21:15.6653608Z,Total bytes received: 234,,0
	2026-03-23T02:21:15.6753995Z,,,0
	2026-03-23T02:21:15.6854817Z,sent 1.86M bytes  received 234 bytes  177.18K bytes/sec,,0
	2026-03-23T02:21:15.6968125Z,total size is 7.31M  speedup is 3.93,,0
	2026-03-23T02:21:15.7097531Z,Attempt 1: Rsync for filelist /tmp//splits/split.aa completed with exit code 0,,0
	2026-03-23T02:21:15.7411276Z,,,0
	2026-03-23T02:21:15.7523045Z,Number of files: 11 (reg: 11),,0
	2026-03-23T02:21:15.7753426Z,Number of created files: 11 (reg: 11),,0
	2026-03-23T02:21:15.7861793Z,Number of deleted files: 0,,0
	2026-03-23T02:21:15.7967593Z,Number of regular files transferred: 11,,0
	2026-03-23T02:21:15.8154106Z,Total file size: 5.82M bytes,,0
	2026-03-23T02:21:15.8853830Z,Total transferred file size: 5.82M bytes,,0
	2026-03-23T02:21:15.9269662Z,Literal data: 5.82M bytes,,0
	2026-03-23T02:21:16.0341384Z,Matched data: 0 bytes,,0
	2026-03-23T02:21:16.2226382Z,File list size: 0,,0
	2026-03-23T02:21:16.3032085Z,File list generation time: 0.220 seconds,,0
	2026-03-23T02:21:16.3605792Z,File list transfer time: 0.000 seconds,,0
	2026-03-23T02:21:16.4417619Z,Total bytes sent: 2.02M,,0
	2026-03-23T02:21:16.5730653Z,Total bytes received: 225,,0
	2026-03-23T02:21:16.6554187Z,,,0
	2026-03-23T02:21:16.7743414Z,sent 2.02M bytes  received 225 bytes  192.54K bytes/sec,,0
	2026-03-23T02:21:17.0035838Z,total size is 5.82M  speedup is 2.88,,0
	2026-03-23T02:21:17.2125767Z,Attempt 1: Rsync for filelist /tmp//splits/split.ab completed with exit code 0,,0
	2026-03-23T02:21:17.3166263Z,Completed successfully in 13 seconds,,0
2026-03-23T02:21:17.6076528Z,Build completed succesfully.,89963baf-cbd4-41f9-a315-e4550fe64566,0
2026-03-23T02:21:17.7816374Z,Running post deployment command(s)...,81707c04-78d3-480f-a11a-0fec86053de8,0
2026-03-23T02:21:17.9701068Z,Triggering container recycle for OneDeploy by adding/updating restartTrigger.txt to the site root path,fa79281d-2fbc-4454-b7f6-3bf5f4c2f33d,0
2026-03-23T02:21:18.2291732Z,Deployment successful. deployer = OneDeploy deploymentPath = OneDeploy,b1ddeb4b-25e1-4da1-8fab-af684394092c,0
