2026-03-20T03:48:51.7526170Z    _____                               
2026-03-20T03:48:51.7527811Z   /  _  \ __________ _________   ____  
2026-03-20T03:48:51.7527857Z  /  /_\  \\___   /  |  \_  __ \_/ __ \ 
2026-03-20T03:48:51.7527882Z /    |    \/    /|  |  /|  | \/\  ___/ 
2026-03-20T03:48:51.7527905Z \____|__  /_____ \____/ |__|    \___  >
2026-03-20T03:48:51.7527933Z         \/      \/                  \/ 
2026-03-20T03:48:51.7527982Z A P P   S E R V I C E   O N   L I N U X
2026-03-20T03:48:51.7528004Z 
2026-03-20T03:48:51.7528032Z Documentation : http://aka.ms/webapp-linux
2026-03-20T03:48:51.7528057Z PHP quickstart: https://aka.ms/php-qs
2026-03-20T03:48:51.7528079Z PHP version   : 8.2.30
2026-03-20T03:48:51.7528101Z Instance Name : lw0sdlwk00026D
2026-03-20T03:48:51.7528127Z Instance Id   : 03aaff03b57819dc178782387057ed48ba739dd89e2a9b1dcc22e36b6a0b4ace
2026-03-20T03:48:51.7528166Z 
2026-03-20T03:48:51.7528188Z Note: Any data outside '/home' is not persisted
2026-03-20T03:48:53.3260158Z Starting OpenBSD Secure Shell server: sshd.
2026-03-20T03:48:53.3566350Z WEBSITES_INCLUDE_CLOUD_CERTS is not set to true.
2026-03-20T03:48:53.4330891Z Updating certificates in /etc/ssl/certs...
2026-03-20T03:49:14.5675993Z rehash: warning: skipping duplicate certificate in azl_SSL.com_TLS_ECC_Root_CA_2022.pem
2026-03-20T03:49:14.5796752Z rehash: warning: skipping duplicate certificate in azl_SSL.com_TLS_RSA_Root_CA_2022.pem
2026-03-20T03:49:14.6079649Z rehash: warning: skipping duplicate certificate in azl_Sectigo_Public_Server_Authentication_Root_R46.pem
2026-03-20T03:49:14.6375704Z rehash: warning: skipping duplicate certificate in azl_Sectigo_Public_Server_Authentication_Root_E46.pem
2026-03-20T03:49:14.7791529Z 4 added, 0 removed; done.
2026-03-20T03:49:14.7791946Z Running hooks in /etc/ca-certificates/update.d...
2026-03-20T03:49:14.7791983Z done.
2026-03-20T03:49:14.7792311Z CA certificates copied and updated successfully.
2026-03-20T03:49:14.7792354Z Running oryx create-script -appPath /home/site/wwwroot -output /opt/startup/startup.sh     -bindPort 8080 -startupCommand 'dotnet RecruitmentAI.Api.dll; php-fpm;'
2026-03-20T03:49:14.9949775Z Could not find build manifest file at '/home/site/wwwroot/oryx-manifest.toml'
2026-03-20T03:49:14.9957741Z Could not find operation ID in manifest. Generating an operation id...
2026-03-20T03:49:14.9966445Z Build Operation ID: 9ffc5120-58ea-4c06-a43c-850652ea4957
2026-03-20T03:49:15.8801184Z Writing output script to '/opt/startup/startup.sh'
2026-03-20T03:49:16.2852749Z Starting nginx: nginx.
2026-03-20T03:49:16.2876952Z /opt/startup/startup.sh: 13: dotnet: not found
2026-03-20T03:49:16.7753806Z [20-Mar-2026 03:49:16] NOTICE: fpm is running, pid 1873
2026-03-20T03:49:16.7864847Z [20-Mar-2026 03:49:16] NOTICE: ready to handle connections
