2026-03-20T03:49:22.4160127Z     __ __          __      __    _ __     
2026-03-20T03:49:22.4161914Z    / //_/_  _ ____/ /_  __/ /   (_) /____ 
2026-03-20T03:49:22.4161967Z   / ,< / / / / __  / / / / /   / / __/ _  
2026-03-20T03:49:22.4161989Z  / /| / /_/ / /_/ / /_/ / /___/ / /_/  __/
2026-03-20T03:49:22.4162011Z /_/ |_\__,_/\__,_/\__,_/_____/_/\__/\___/ 
2026-03-20T03:49:22.4164997Z 
2026-03-20T03:49:22.4165118Z                                           
2026-03-20T03:49:22.4165138Z DEBUG CONSOLE | AZURE APP SERVICE ON LINUX
2026-03-20T03:49:22.4165156Z 
2026-03-20T03:49:22.4165177Z Documentation: http://aka.ms/webapp-linux
2026-03-20T03:49:22.4165198Z Kudu Version : 20260204.5
2026-03-20T03:49:22.4165218Z Commit       : f2123a3d94768058c9d9e002efc0a31e9c1580a3
2026-03-20T03:49:22.4165238Z Instance Name: lw0sdlwk00026D
2026-03-20T03:49:22.4165263Z Instance Id  : 03aaff03b57819dc178782387057ed48ba739dd89e2a9b1dcc22e36b6a0b4ace
2026-03-20T03:49:22.4165299Z 
2026-03-20T03:49:23.2505678Z chown: changing ownership of '/temp': Operation not permitted
2026-03-20T03:49:23.2616171Z chmod: changing permissions of '/temp': Operation not permitted
2026-03-20T03:49:26.1607587Z Restarting OpenBSD Secure Shell server: sshd.
2026-03-20T03:49:26.4335026Z node not running, starting node /opt/webssh/index.js
2026-03-20T03:49:36.8729625Z Fri Mar 20 03:49:36 UTC 2026 running .net core
2026-03-20T03:49:38.5418420Z Startup : 03.49.38.522324
2026-03-20T03:49:38.5698329Z Configure Services : 03.49.38.569603
2026-03-20T03:49:39.0970236Z Configure : 03.49.39.096841
2026-03-20T03:49:39.5570819Z Setting Up Routes : 03.49.39.556900
2026-03-20T03:49:39.6064876Z Exiting Configure : 03.49.39.606289
2026-03-20T03:49:39.9329777Z Hosting environment: Production
2026-03-20T03:49:39.9336896Z Content root path: /opt/Kudu
2026-03-20T03:49:39.9343367Z Now listening on: http://0.0.0.0:8181
2026-03-20T03:49:39.9349915Z Application started. Press Ctrl+C to shut down.
